2026-05-13 07:55:10,887 [INFO] ============================================================
2026-05-13 07:55:10,888 [INFO] IHSG Quantitative Swing-Trade Scouting Engine v3.2
2026-05-13 07:55:10,888 [INFO] ============================================================
2026-05-13 07:55:10,889 [INFO] Input file: output\IDX Fundamental Analysis 2026-05-13.xlsx
2026-05-13 07:55:10,890 [INFO] [Adapter] XlsxDataAdapter aktif → output\IDX Fundamental Analysis 2026-05-13.xlsx
2026-05-13 07:55:10,890 [INFO] Membaca: output\IDX Fundamental Analysis 2026-05-13.xlsx
2026-05-13 07:55:11,783 [INFO] Total ticker universe: 957
2026-05-13 07:55:11,789 [INFO] Exclude PEMANTAUAN KHUSUS: 957 → 796
2026-05-13 07:55:11,792 [INFO] [Sector] Cache loaded: 957 ticker dari output\sector_cache.json
2026-05-13 07:55:11,792 [INFO] [Sector] Resolve selesai: cache=796, hardcode=0, keyword=0, default=0
2026-05-13 07:55:11,809 [INFO] Lolos static filter: 150 ticker
2026-05-13 07:55:11,811 [INFO] Distribusi sektor:
Sector
consumer_staples    37
consumer_disc       23
industrials         16
basic_materials     16
tech                12
transport           10
property            10
energy               9
healthcare           7
finance_nonbank      6
infrastructure       3
bank                 1
2026-05-13 07:55:11,816 [WARNING] [Graham] LPLI: FV=4,528 > 5.0x price=282. Capped ke 1,410.
2026-05-13 07:55:11,816 [WARNING] [Graham] PALM: FV=1,844 > 5.0x price=360. Capped ke 1,800.
2026-05-13 07:55:11,821 [INFO] yfinance download attempt 1/3 (150 ticker)...
2026-05-13 07:55:22,522 [INFO] Download berhasil. Shape: (120, 750)
2026-05-13 07:55:23,168 [INFO] IHSG return 1 bulan: -5.13%
2026-05-13 07:55:23,743 [INFO] [RDTX] Excluded: suspek suspended/FCA (volume anomali)
2026-05-13 07:55:23,760 [INFO] [STTP] Excluded: suspek suspended/FCA (volume anomali)
2026-05-13 07:55:23,907 [INFO] Top 10 kandidat berhasil disaring.
2026-05-13 07:55:23,917 [INFO] JSON diekspor → output\top10_candidates.json
2026-05-13 07:55:23,921 [INFO] Report → scratch\report.md
2026-05-13 07:55:23,921 [INFO] PIPELINE SELESAI.
