2026-04-28 10:03:33,394 [INFO] ============================================================
2026-04-28 10:03:33,394 [INFO] IHSG Quantitative Swing-Trade Scouting Engine v2.1
2026-04-28 10:03:33,394 [INFO] ============================================================
2026-04-28 10:03:33,395 [INFO] Membaca: output/IDX Fundamental Analysis 2026-04-24.xlsx
2026-04-28 10:03:34,276 [INFO] Total ticker universe: 957
2026-04-28 10:03:34,288 [INFO] Lolos static filter: 182 ticker
2026-04-28 10:03:34,292 [INFO] yfinance download attempt 1/3 (182 ticker)...
2026-04-28 10:03:38,458 [INFO] Download berhasil. Shape: (60, 910)
2026-04-28 10:03:38,573 [INFO] [ExDate] ACES: ex-date 2025-06-26 is in the past (-306d ago)
2026-04-28 10:03:38,619 [INFO] [ExDate] ADES: ex-date 2003-06-30 is in the past (-8338d ago)
2026-04-28 10:03:38,671 [INFO] [ExDate] AKRA: ex-date 2025-08-06 is in the past (-265d ago)
2026-04-28 10:03:38,732 [INFO] [ExDate] AMIN: ex-date 2025-07-02 is in the past (-300d ago)
2026-04-28 10:03:38,799 [INFO] [ExDate] AMRT: ex-date 2025-06-04 is in the past (-328d ago)
2026-04-28 10:03:38,847 [INFO] [ExDate] ANTM: ex-date 2025-06-23 is in the past (-309d ago)
2026-04-28 10:03:38,887 [INFO] [ExDate] ARNA: ex-date 2026-04-17 is in the past (-11d ago)
2026-04-28 10:03:38,947 [INFO] [ExDate] ASGR: ex-date 2026-04-24 is in the past (-4d ago)
2026-04-28 10:03:39,369 [INFO] [ExDate] ASII: ex=2026-05-05, days=7, tier=CRITICAL, div=Rp98.0, yield=1.6%
2026-04-28 10:03:39,369 [INFO] [ASII] Excluded: ex-date CRITICAL (dalam 7 hari).
2026-04-28 10:03:39,622 [INFO] [ExDate] AUTO: ex=2026-04-28, days=0, tier=CRITICAL, div=Rp170.0, yield=6.46%
2026-04-28 10:03:39,622 [INFO] [AUTO] Excluded: ex-date CRITICAL (dalam 0 hari).
2026-04-28 10:03:39,657 [INFO] [ExDate] BAYU: ex-date 2025-05-27 is in the past (-336d ago)
2026-04-28 10:03:39,692 [INFO] [ExDate] BBNI: ex-date 2026-03-25 is in the past (-34d ago)
2026-04-28 10:03:39,730 [INFO] [ExDate] BBRI: ex-date 2026-04-21 is in the past (-7d ago)
2026-04-28 10:03:39,772 [INFO] [ExDate] BBRM: ex-date 2019-05-08 is in the past (-2547d ago)
2026-04-28 10:03:39,807 [INFO] [ExDate] BBTN: ex-date 2025-04-15 is in the past (-378d ago)
2026-04-28 10:03:39,847 [INFO] [ExDate] BBYB: ex-date 2021-04-12 is in the past (-1842d ago)
2026-04-28 10:03:39,883 [INFO] [ExDate] BFIN: ex-date 2025-12-11 is in the past (-138d ago)
2026-04-28 10:03:39,925 [INFO] [ExDate] BIRD: ex-date 2025-07-01 is in the past (-301d ago)
2026-04-28 10:03:39,960 [INFO] [ExDate] BJTM: ex-date 2025-06-04 is in the past (-328d ago)
2026-04-28 10:03:39,967 [INFO] [BLTZ] Excluded: suspek suspended/FCA (volume anomali).
2026-04-28 10:03:40,016 [INFO] [ExDate] BMRI: ex-date 2026-01-06 is in the past (-112d ago)
2026-04-28 10:03:40,230 [INFO] [ExDate] BNGA: ex=2026-04-28, days=0, tier=CRITICAL, div=Rp161.77, yield=9.54%
2026-04-28 10:03:40,230 [INFO] [BNGA] Excluded: ex-date CRITICAL (dalam 0 hari).
2026-04-28 10:03:40,267 [INFO] [ExDate] BOLT: no ex-date found in calendar
2026-04-28 10:03:40,308 [INFO] [ExDate] BSSR: ex-date 2026-01-05 is in the past (-113d ago)
2026-04-28 10:03:40,352 [INFO] [ExDate] CASS: ex-date 2018-07-09 is in the past (-2850d ago)
2026-04-28 10:03:40,393 [INFO] [ExDate] CITA: ex-date 2025-05-27 is in the past (-336d ago)
2026-04-28 10:03:40,443 [INFO] [ExDate] CLPI: ex-date 2025-06-30 is in the past (-302d ago)
2026-04-28 10:03:40,452 [INFO] [CNTX] Excluded: suspek suspended/FCA (volume anomali).
2026-04-28 10:03:40,491 [INFO] [ExDate] CPIN: ex-date 2025-06-03 is in the past (-329d ago)
2026-04-28 10:03:40,526 [INFO] [ExDate] CTBN: ex-date 2025-06-23 is in the past (-309d ago)
2026-04-28 10:03:40,561 [INFO] [ExDate] CTRA: ex-date 2025-06-26 is in the past (-306d ago)
2026-04-28 10:03:40,601 [INFO] [ExDate] DEWA: no ex-date found in calendar
2026-04-28 10:03:40,637 [INFO] [ExDate] DLTA: ex-date 2025-07-01 is in the past (-301d ago)
2026-04-28 10:03:40,672 [INFO] [ExDate] DMAS: ex-date 2025-05-08 is in the past (-355d ago)
2026-04-28 10:03:40,718 [INFO] [ExDate] DSNG: ex-date 2025-06-18 is in the past (-314d ago)
2026-04-28 10:03:40,759 [INFO] [ExDate] DVLA: ex-date 2025-10-30 is in the past (-180d ago)
2026-04-28 10:03:40,804 [INFO] [ExDate] ELSA: ex-date 2025-06-04 is in the past (-328d ago)
2026-04-28 10:03:40,851 [INFO] [ExDate] EMTK: ex-date 2025-11-20 is in the past (-159d ago)
2026-04-28 10:03:40,890 [INFO] [ExDate] EPMT: ex-date 2025-06-03 is in the past (-329d ago)
2026-04-28 10:03:40,925 [INFO] [ExDate] ERAA: ex-date 2025-06-19 is in the past (-313d ago)
2026-04-28 10:03:40,960 [INFO] [ExDate] GJTL: ex-date 2025-07-07 is in the past (-295d ago)
2026-04-28 10:03:40,998 [INFO] [ExDate] HEXA: ex-date 2025-09-25 is in the past (-215d ago)
2026-04-28 10:03:41,034 [INFO] [ExDate] HMSP: ex-date 2025-06-11 is in the past (-321d ago)
2026-04-28 10:03:41,039 [INFO] [IBST] Excluded: suspek suspended/FCA (volume anomali).
2026-04-28 10:03:41,074 [INFO] [ExDate] ICBP: ex-date 2025-07-02 is in the past (-300d ago)
2026-04-28 10:03:41,113 [INFO] [ExDate] IKBI: ex-date 2025-09-02 is in the past (-238d ago)
2026-04-28 10:03:41,119 [INFO] [INAF] Excluded: suspek suspended/FCA (volume anomali).
2026-04-28 10:03:41,152 [INFO] [ExDate] INDF: ex-date 2025-07-02 is in the past (-300d ago)
2026-04-28 10:03:41,199 [INFO] [ExDate] JECC: ex-date 2025-06-20 is in the past (-312d ago)
2026-04-28 10:03:41,238 [INFO] [ExDate] JPFA: ex-date 2025-04-22 is in the past (-371d ago)
2026-04-28 10:03:41,278 [INFO] [ExDate] JRPT: ex-date 2025-06-17 is in the past (-315d ago)
2026-04-28 10:03:41,317 [INFO] [ExDate] JSPT: ex-date 2025-07-01 is in the past (-301d ago)
2026-04-28 10:03:41,358 [INFO] [ExDate] KLBF: ex-date 2025-06-04 is in the past (-328d ago)
2026-04-28 10:03:41,403 [INFO] [ExDate] KONI: ex-date 1996-07-24 is in the past (-10870d ago)
2026-04-28 10:03:41,441 [INFO] [ExDate] LEAD: ex-date 2015-04-08 is in the past (-4038d ago)
2026-04-28 10:03:41,477 [INFO] [ExDate] LPGI: ex-date 2025-05-09 is in the past (-354d ago)
2026-04-28 10:03:41,522 [INFO] [ExDate] LPLI: no ex-date found in calendar
2026-04-28 10:03:41,560 [INFO] [ExDate] LSIP: ex-date 2025-07-01 is in the past (-301d ago)
2026-04-28 10:03:41,602 [INFO] [ExDate] MAIN: ex-date 2025-06-04 is in the past (-328d ago)
2026-04-28 10:03:41,642 [INFO] [ExDate] MAPI: ex-date 2025-07-09 is in the past (-293d ago)
2026-04-28 10:03:41,682 [INFO] [ExDate] MERK: ex-date 2025-06-25 is in the past (-307d ago)
2026-04-28 10:03:41,723 [INFO] [ExDate] MIDI: ex-date 2025-06-04 is in the past (-328d ago)
2026-04-28 10:03:41,761 [INFO] [ExDate] MTDL: ex-date 2025-06-05 is in the past (-327d ago)
2026-04-28 10:03:41,800 [INFO] [ExDate] MYOR: ex-date 2025-06-19 is in the past (-313d ago)
2026-04-28 10:03:41,841 [INFO] [ExDate] NISP: ex-date 2026-04-20 is in the past (-8d ago)
2026-04-28 10:03:41,884 [INFO] [ExDate] NOBU: no ex-date found in calendar
2026-04-28 10:03:41,921 [INFO] [ExDate] NRCA: ex-date 2025-06-05 is in the past (-327d ago)
2026-04-28 10:03:41,927 [INFO] [OCAP] Excluded: suspek suspended/FCA (volume anomali).
2026-04-28 10:03:41,966 [INFO] [ExDate] PALM: ex-date 2022-01-21 is in the past (-1558d ago)
2026-04-28 10:03:42,004 [INFO] [ExDate] PANS: ex-date 2025-07-09 is in the past (-293d ago)
2026-04-28 10:03:42,041 [INFO] [ExDate] PDES: ex-date 2017-06-20 is in the past (-3234d ago)
2026-04-28 10:03:42,081 [INFO] [ExDate] PTBA: ex-date 2025-06-23 is in the past (-309d ago)
2026-04-28 10:03:42,122 [INFO] [ExDate] PTSN: ex-date 2025-06-19 is in the past (-313d ago)
2026-04-28 10:03:42,162 [INFO] [ExDate] PTSP: ex-date 1997-07-10 is in the past (-10519d ago)
2026-04-28 10:03:42,205 [INFO] [ExDate] PWON: ex-date 2025-07-07 is in the past (-295d ago)
2026-04-28 10:03:42,242 [INFO] [ExDate] RAJA: ex-date 2026-01-09 is in the past (-109d ago)
2026-04-28 10:03:42,250 [INFO] [RDTX] Excluded: suspek suspended/FCA (volume anomali).
2026-04-28 10:03:42,331 [INFO] [ExDate] RIGS: ex-date 2009-12-08 is in the past (-5985d ago)
2026-04-28 10:03:42,372 [INFO] [ExDate] ROTI: ex-date 2026-04-16 is in the past (-12d ago)
2026-04-28 10:03:42,409 [INFO] [ExDate] SCMA: ex-date 2025-11-19 is in the past (-160d ago)
2026-04-28 10:03:42,416 [INFO] [SCPI] Excluded: suspek suspended/FCA (volume anomali).
2026-04-28 10:03:42,452 [INFO] [ExDate] SILO: ex-date 2024-06-10 is in the past (-687d ago)
2026-04-28 10:03:42,493 [INFO] [ExDate] SIMP: ex-date 2025-07-01 is in the past (-301d ago)
2026-04-28 10:03:42,532 [INFO] [ExDate] SKLT: ex-date 2025-05-05 is in the past (-358d ago)
2026-04-28 10:03:42,583 [INFO] [ExDate] SMAR: ex-date 2025-06-25 is in the past (-307d ago)
2026-04-28 10:03:42,626 [INFO] [ExDate] SMSM: ex-date 2025-11-10 is in the past (-169d ago)
2026-04-28 10:03:42,674 [INFO] [ExDate] SONA: ex-date 2016-06-01 is in the past (-3618d ago)
2026-04-28 10:03:42,680 [INFO] [SRIL] Excluded: suspek suspended/FCA (volume anomali).
2026-04-28 10:03:42,713 [INFO] [ExDate] SRTG: ex-date 2025-07-07 is in the past (-295d ago)
2026-04-28 10:03:42,756 [INFO] [ExDate] STTP: ex-date 2020-07-21 is in the past (-2107d ago)
2026-04-28 10:03:42,794 [INFO] [ExDate] TGKA: ex-date 2025-11-27 is in the past (-152d ago)
2026-04-28 10:03:42,834 [INFO] [ExDate] TLKM: ex-date 2025-06-11 is in the past (-321d ago)
2026-04-28 10:03:42,878 [INFO] [ExDate] TMAS: ex-date 2025-04-11 is in the past (-382d ago)
2026-04-28 10:03:42,916 [INFO] [ExDate] TOTL: ex-date 2025-05-26 is in the past (-337d ago)
2026-04-28 10:03:42,955 [INFO] [ExDate] TOTO: ex-date 2025-11-26 is in the past (-153d ago)
2026-04-28 10:03:42,996 [INFO] [ExDate] TPMA: ex-date 2025-05-14 is in the past (-349d ago)
2026-04-28 10:03:43,034 [INFO] [ExDate] TRIS: ex-date 2025-09-08 is in the past (-232d ago)
2026-04-28 10:03:43,075 [INFO] [ExDate] TSPC: ex-date 2025-11-10 is in the past (-169d ago)
2026-04-28 10:03:43,281 [INFO] [ExDate] ULTJ: ex=2026-05-04, days=6, tier=CRITICAL, div=Rp45.0, yield=2.72%
2026-04-28 10:03:43,282 [INFO] [ULTJ] Excluded: ex-date CRITICAL (dalam 6 hari).
2026-04-28 10:03:43,317 [INFO] [ExDate] UNIC: ex-date 2025-10-08 is in the past (-202d ago)
2026-04-28 10:03:43,353 [INFO] [ExDate] UNTR: ex-date 2026-04-27 is in the past (-1d ago)
2026-04-28 10:03:43,395 [INFO] [ExDate] VICO: no ex-date found in calendar
2026-04-28 10:03:43,403 [INFO] [WICO] Excluded: suspek suspended/FCA (volume anomali).
2026-04-28 10:03:43,441 [INFO] [ExDate] WIIM: ex-date 2025-06-10 is in the past (-322d ago)
2026-04-28 10:03:43,449 [INFO] [WIKA] Excluded: suspek suspended/FCA (volume anomali).
2026-04-28 10:03:43,485 [INFO] [ExDate] WINS: ex-date 2025-11-26 is in the past (-153d ago)
2026-04-28 10:03:43,494 [INFO] [WSKT] Excluded: suspek suspended/FCA (volume anomali).
2026-04-28 10:03:43,496 [INFO] [MTRA] Excluded: suspek suspended/FCA (volume anomali).
2026-04-28 10:03:43,533 [INFO] [ExDate] BRIS: ex-date 2025-05-27 is in the past (-336d ago)
2026-04-28 10:03:43,577 [INFO] [ExDate] PORT: no ex-date found in calendar
2026-04-28 10:03:43,623 [INFO] [ExDate] CLEO: ex-date 2025-06-10 is in the past (-322d ago)
2026-04-28 10:03:43,667 [INFO] [ExDate] HRTA: ex-date 2025-06-23 is in the past (-309d ago)
2026-04-28 10:03:43,717 [INFO] [ExDate] MARK: ex-date 2025-11-06 is in the past (-173d ago)
2026-04-28 10:03:43,758 [INFO] [ExDate] MTWI: ex-date 2025-09-03 is in the past (-237d ago)
2026-04-28 10:03:43,801 [INFO] [ExDate] PBID: ex-date 2025-06-05 is in the past (-327d ago)
2026-04-28 10:03:43,839 [INFO] [ExDate] IPCM: ex-date 2026-01-05 is in the past (-113d ago)
2026-04-28 10:03:43,874 [INFO] [ExDate] HELI: no ex-date found in calendar
2026-04-28 10:03:43,917 [INFO] [ExDate] INPS: no ex-date found in calendar
2026-04-28 10:03:43,959 [INFO] [ExDate] GHON: ex-date 2025-06-13 is in the past (-319d ago)
2026-04-28 10:03:43,995 [INFO] [ExDate] BTPS: ex-date 2026-04-27 is in the past (-1d ago)
2026-04-28 10:03:44,036 [INFO] [ExDate] SPTO: ex-date 2025-11-25 is in the past (-154d ago)
2026-04-28 10:03:44,073 [INFO] [ExDate] MAPA: ex-date 2025-07-09 is in the past (-293d ago)
2026-04-28 10:03:44,114 [INFO] [ExDate] IPCC: ex-date 2025-12-17 is in the past (-132d ago)
2026-04-28 10:03:44,155 [INFO] [ExDate] SURE: no ex-date found in calendar
2026-04-28 10:03:44,205 [INFO] [ExDate] GOOD: ex-date 2025-05-06 is in the past (-357d ago)
2026-04-28 10:03:44,246 [INFO] [ExDate] FOOD: no ex-date found in calendar
2026-04-28 10:03:44,287 [INFO] [ExDate] BOLA: ex-date 2022-08-02 is in the past (-1365d ago)
2026-04-28 10:03:44,330 [INFO] [ExDate] IRRA: ex-date 2022-08-09 is in the past (-1358d ago)
2026-04-28 10:03:44,371 [INFO] [ExDate] DMMX: no ex-date found in calendar
2026-04-28 10:03:44,409 [INFO] [ExDate] TEBE: ex-date 2026-04-09 is in the past (-19d ago)
2026-04-28 10:03:44,558 [INFO] [ExDate] KEJU: ex=2026-04-30, days=2, tier=CRITICAL, div=Rp13.0, yield=2.32%
2026-04-28 10:03:44,558 [INFO] [KEJU] Excluded: ex-date CRITICAL (dalam 2 hari).
2026-04-28 10:03:44,596 [INFO] [ExDate] PSGO: ex-date 2025-05-21 is in the past (-342d ago)
2026-04-28 10:03:44,643 [INFO] [ExDate] IFII: ex-date 2025-09-08 is in the past (-232d ago)
2026-04-28 10:03:44,682 [INFO] [ExDate] CSRA: ex-date 2025-10-07 is in the past (-203d ago)
2026-04-28 10:03:44,720 [INFO] [ExDate] AMOR: ex-date 2026-02-11 is in the past (-76d ago)
2026-04-28 10:03:44,762 [INFO] [ExDate] SAMF: ex-date 2025-06-10 is in the past (-322d ago)
2026-04-28 10:03:44,818 [INFO] [ExDate] PNGO: ex-date 2026-01-15 is in the past (-103d ago)
2026-04-28 10:03:44,860 [INFO] [ExDate] KMDS: ex-date 2025-12-05 is in the past (-144d ago)
2026-04-28 10:03:44,905 [INFO] [ExDate] VICI: ex-date 2025-09-18 is in the past (-222d ago)
2026-04-28 10:03:44,947 [INFO] [ExDate] ZYRX: ex-date 2025-06-17 is in the past (-315d ago)
2026-04-28 10:03:44,989 [INFO] [ExDate] TAPG: ex-date 2025-11-11 is in the past (-168d ago)
2026-04-28 10:03:45,039 [INFO] [ExDate] BUKA: no ex-date found in calendar
2026-04-28 10:03:45,089 [INFO] [ExDate] HAIS: ex-date 2026-03-26 is in the past (-33d ago)
2026-04-28 10:03:45,123 [INFO] [ExDate] OILS: ex-date 2023-06-08 is in the past (-1055d ago)
2026-04-28 10:03:45,158 [INFO] [ExDate] MCOL: ex-date 2025-11-27 is in the past (-152d ago)
2026-04-28 10:03:45,220 [INFO] [ExDate] BOBA: ex-date 2025-10-22 is in the past (-188d ago)
2026-04-28 10:03:45,260 [INFO] [ExDate] OBMD: no ex-date found in calendar
2026-04-28 10:03:45,301 [INFO] [ExDate] AVIA: ex-date 2026-04-20 is in the past (-8d ago)
2026-04-28 10:03:45,426 [INFO] [ExDate] DRMA: ex=2026-04-28, days=0, tier=CRITICAL, div=Rp70.0, yield=7.07%
2026-04-28 10:03:45,426 [INFO] [DRMA] Excluded: ex-date CRITICAL (dalam 0 hari).
2026-04-28 10:03:45,458 [INFO] [ExDate] ADMR: ex-date 2025-06-13 is in the past (-319d ago)
2026-04-28 10:03:45,497 [INFO] [ExDate] STAA: ex-date 2025-06-05 is in the past (-327d ago)
2026-04-28 10:03:45,541 [INFO] [ExDate] SICO: ex-date 2026-04-20 is in the past (-8d ago)
2026-04-28 10:03:45,596 [INFO] [ExDate] TLDN: ex-date 2026-04-27 is in the past (-1d ago)
2026-04-28 10:03:45,645 [INFO] [ExDate] SWID: ex-date 2025-06-11 is in the past (-321d ago)
2026-04-28 10:03:45,690 [INFO] [ExDate] AXIO: ex-date 2025-11-14 is in the past (-165d ago)
2026-04-28 10:03:45,733 [INFO] [ExDate] CRAB: ex-date 2025-07-07 is in the past (-295d ago)
2026-04-28 10:03:45,770 [INFO] [ExDate] OMED: ex-date 2025-07-08 is in the past (-294d ago)
2026-04-28 10:03:45,808 [INFO] [ExDate] ELIT: ex-date 2025-07-09 is in the past (-293d ago)
2026-04-28 10:03:45,846 [INFO] [ExDate] CBPE: ex-date 2025-07-07 is in the past (-295d ago)
2026-04-28 10:03:45,888 [INFO] [ExDate] SUNI: ex-date 2025-06-23 is in the past (-309d ago)
2026-04-28 10:03:45,926 [INFO] [ExDate] WINE: ex-date 2025-07-02 is in the past (-300d ago)
2026-04-28 10:03:45,965 [INFO] [ExDate] PEVE: no ex-date found in calendar
2026-04-28 10:03:46,005 [INFO] [ExDate] GTRA: ex-date 2025-06-19 is in the past (-313d ago)
2026-04-28 10:03:46,044 [INFO] [ExDate] JATI: ex-date 2025-05-20 is in the past (-343d ago)
2026-04-28 10:03:46,081 [INFO] [ExDate] MAHA: ex-date 2025-06-12 is in the past (-320d ago)
2026-04-28 10:03:46,116 [INFO] [ExDate] CNMA: ex-date 2026-04-15 is in the past (-13d ago)
2026-04-28 10:03:46,155 [INFO] [ExDate] MUTU: ex-date 2025-06-12 is in the past (-320d ago)
2026-04-28 10:03:46,194 [INFO] [ExDate] MSTI: ex-date 2025-12-11 is in the past (-138d ago)
2026-04-28 10:03:46,238 [INFO] [ExDate] HYGN: ex-date 2025-06-19 is in the past (-313d ago)
2026-04-28 10:03:46,274 [INFO] [ExDate] SOLA: ex-date 2025-06-30 is in the past (-302d ago)
2026-04-28 10:03:46,331 [INFO] [ExDate] PART: ex-date 2025-07-09 is in the past (-293d ago)
2026-04-28 10:03:46,369 [INFO] [ExDate] DOSS: ex-date 2025-07-02 is in the past (-300d ago)
2026-04-28 10:03:46,467 [INFO] [ExDate] NAIK: ex=2026-04-30, days=2, tier=CRITICAL, div=Rp3.0, yield=2.8%
2026-04-28 10:03:46,467 [INFO] [NAIK] Excluded: ex-date CRITICAL (dalam 2 hari).
2026-04-28 10:03:46,503 [INFO] [ExDate] AADI: ex-date 2025-11-18 is in the past (-161d ago)
2026-04-28 10:03:46,552 [INFO] [ExDate] MDIY: no ex-date found in calendar
2026-04-28 10:03:46,586 [INFO] [ExDate] DGWG: ex-date 2025-11-28 is in the past (-151d ago)
2026-04-28 10:03:46,625 [INFO] [ExDate] OBAT: ex-date 2025-04-22 is in the past (-371d ago)
2026-04-28 10:03:46,662 [INFO] [ExDate] MINE: no ex-date found in calendar
2026-04-28 10:03:46,700 [INFO] [ExDate] BLOG: no ex-date found in calendar
2026-04-28 10:03:46,744 [INFO] [ExDate] NCKL: ex-date 2025-06-30 is in the past (-302d ago)
2026-04-28 10:03:46,783 [INFO] [ExDate] KETR: no ex-date found in calendar
2026-04-28 10:03:46,828 [INFO] [ExDate] ADMF: ex-date 2026-04-15 is in the past (-13d ago)
2026-04-28 10:03:46,855 [INFO] Top 10 kandidat berhasil disaring.
2026-04-28 10:03:46,866 [INFO] JSON diekspor → output\top10_candidates.json
2026-04-28 10:03:46,869 [INFO] Report → scratch\report.md
2026-04-28 10:03:46,869 [INFO] PIPELINE SELESAI.
