2026-04-28 15:59:56,125 [INFO] ============================================================
2026-04-28 15:59:56,125 [INFO] IHSG Quantitative Swing-Trade Scouting Engine v3.0
2026-04-28 15:59:56,126 [INFO] ============================================================
2026-04-28 15:59:56,126 [INFO] Input file: output\IDX Fundamental Analysis 2026-04-24.xlsx
2026-04-28 15:59:56,127 [INFO] [XlsxAdapter] Initialized dengan: output\IDX Fundamental Analysis 2026-04-24.xlsx
2026-04-28 15:59:56,127 [INFO] [Adapter] XlsxDataAdapter aktif → output\IDX Fundamental Analysis 2026-04-24.xlsx
2026-04-28 15:59:56,127 [INFO] Membaca: output\IDX Fundamental Analysis 2026-04-24.xlsx
2026-04-28 15:59:57,051 [INFO] Total ticker universe: 957
2026-04-28 15:59:57,058 [INFO] Exclude PEMANTAUAN KHUSUS: 957 → 803
2026-04-28 15:59:57,062 [INFO] [Sector] Cache loaded: 957 ticker dari output\sector_cache.json
2026-04-28 15:59:57,062 [INFO] [Sector] Resolve selesai: cache=803, hardcode=0, keyword=0, default=0
2026-04-28 15:59:57,074 [INFO] Lolos static filter: 150 ticker
2026-04-28 15:59:57,077 [INFO] Distribusi sektor:
Sector
consumer_staples    37
consumer_disc       20
industrials         17
tech                14
basic_materials     12
transport           12
energy              10
property            10
healthcare           8
finance_nonbank      7
infrastructure       2
bank                 1
2026-04-28 15:59:57,081 [INFO] yfinance download attempt 1/3 (150 ticker)...
2026-04-28 16:00:00,191 [INFO] Download berhasil. Shape: (60, 750)
2026-04-28 16:00:00,641 [INFO] [XlsxAdapter] Loaded key-statistics: 957 tickers
2026-04-28 16:00:00,905 [INFO] [RDTX] Excluded: suspek suspended/FCA (volume anomali)
2026-04-28 16:00:01,250 [INFO] Top 10 kandidat berhasil disaring.
2026-04-28 16:00:01,259 [INFO] JSON diekspor → output\top10_candidates.json
2026-04-28 16:00:01,264 [INFO] Report → scratch\report.md
2026-04-28 16:00:01,264 [INFO] PIPELINE SELESAI.
