2026-04-30 16:01:58,664 [INFO] ============================================================
2026-04-30 16:01:58,665 [INFO] IHSG Quantitative Swing-Trade Scouting Engine v3.0
2026-04-30 16:01:58,665 [INFO] ============================================================
2026-04-30 16:01:58,666 [INFO] Input file: output\IDX Fundamental Analysis 2026-04-29.xlsx
2026-04-30 16:01:58,667 [INFO] [XlsxAdapter] Initialized dengan: output\IDX Fundamental Analysis 2026-04-29.xlsx
2026-04-30 16:01:58,667 [INFO] [Adapter] XlsxDataAdapter aktif → output\IDX Fundamental Analysis 2026-04-29.xlsx
2026-04-30 16:01:58,669 [INFO] Membaca: output\IDX Fundamental Analysis 2026-04-29.xlsx
2026-04-30 16:01:59,768 [INFO] Total ticker universe: 957
2026-04-30 16:01:59,778 [INFO] Exclude PEMANTAUAN KHUSUS: 957 → 803
2026-04-30 16:01:59,781 [INFO] [Sector] Cache loaded: 957 ticker dari output\sector_cache.json
2026-04-30 16:01:59,782 [INFO] [Sector] Resolve selesai: cache=803, hardcode=0, keyword=0, default=0
2026-04-30 16:01:59,800 [INFO] Lolos static filter: 151 ticker
2026-04-30 16:01:59,805 [INFO] Distribusi sektor:
Sector
consumer_staples    37
consumer_disc       20
industrials         16
basic_materials     14
tech                14
transport           12
energy              10
property            10
healthcare           9
finance_nonbank      5
infrastructure       3
bank                 1
2026-04-30 16:01:59,815 [INFO] yfinance download attempt 1/3 (151 ticker)...
2026-04-30 16:02:03,064 [INFO] Download berhasil. Shape: (60, 755)
2026-04-30 16:02:03,544 [INFO] [XlsxAdapter] Loaded key-statistics: 957 tickers
2026-04-30 16:02:03,760 [INFO] [RDTX] Excluded: suspek suspended/FCA (volume anomali)
2026-04-30 16:02:04,086 [INFO] Top 10 kandidat berhasil disaring.
2026-04-30 16:02:04,095 [INFO] JSON diekspor → output\top10_candidates.json
2026-04-30 16:02:04,100 [INFO] Report → scratch\report.md
2026-04-30 16:02:04,100 [INFO] PIPELINE SELESAI.
