2026-05-01 18:32:01,732 [INFO] ============================================================
2026-05-01 18:32:01,734 [INFO] IHSG Quantitative Swing-Trade Scouting Engine v3.0
2026-05-01 18:32:01,734 [INFO] ============================================================
2026-05-01 18:32:01,735 [INFO] Input file: output\IDX Fundamental Analysis 2026-04-29.xlsx
2026-05-01 18:32:01,737 [INFO] [XlsxAdapter] Initialized dengan: output\IDX Fundamental Analysis 2026-04-29.xlsx
2026-05-01 18:32:01,737 [INFO] [Adapter] XlsxDataAdapter aktif → output\IDX Fundamental Analysis 2026-04-29.xlsx
2026-05-01 18:32:01,737 [INFO] Membaca: output\IDX Fundamental Analysis 2026-04-29.xlsx
2026-05-01 18:32:03,094 [INFO] Total ticker universe: 957
2026-05-01 18:32:03,104 [INFO] Exclude PEMANTAUAN KHUSUS: 957 → 803
2026-05-01 18:32:03,108 [INFO] [Sector] Cache loaded: 957 ticker dari output\sector_cache.json
2026-05-01 18:32:03,109 [INFO] [Sector] Resolve selesai: cache=803, hardcode=0, keyword=0, default=0
2026-05-01 18:32:03,128 [INFO] Lolos static filter: 151 ticker
2026-05-01 18:32:03,132 [INFO] Distribusi sektor:
Sector
consumer_staples    37
consumer_disc       20
industrials         16
basic_materials     14
tech                14
transport           12
energy              10
property            10
healthcare           9
finance_nonbank      5
infrastructure       3
bank                 1
2026-05-01 18:32:03,144 [INFO] yfinance download attempt 1/3 (151 ticker)...
2026-05-01 18:32:08,000 [INFO] Download berhasil. Shape: (59, 755)
