2026-05-11 07:50:47,402 [INFO] ============================================================
2026-05-11 07:50:47,403 [INFO] IHSG Quantitative Swing-Trade Scouting Engine v3.2
2026-05-11 07:50:47,403 [INFO] ============================================================
2026-05-11 07:50:47,404 [INFO] Input file: output\IDX Fundamental Analysis 2026-05-11.xlsx
2026-05-11 07:50:47,405 [INFO] [Adapter] XlsxDataAdapter aktif → output\IDX Fundamental Analysis 2026-05-11.xlsx
2026-05-11 07:50:47,407 [INFO] Membaca: output\IDX Fundamental Analysis 2026-05-11.xlsx
2026-05-11 07:50:48,273 [INFO] Total ticker universe: 957
2026-05-11 07:50:48,280 [INFO] Exclude PEMANTAUAN KHUSUS: 957 → 795
2026-05-11 07:50:48,282 [INFO] [Sector] Cache loaded: 957 ticker dari output\sector_cache.json
2026-05-11 07:50:48,283 [INFO] [Sector] Resolve selesai: cache=795, hardcode=0, keyword=0, default=0
2026-05-11 07:50:48,292 [INFO] Lolos static filter: 148 ticker
2026-05-11 07:50:48,295 [INFO] Distribusi sektor:
Sector
consumer_staples    36
consumer_disc       22
industrials         16
basic_materials     16
tech                12
transport           10
property            10
energy               9
healthcare           7
finance_nonbank      6
infrastructure       3
bank                 1
2026-05-11 07:50:48,300 [WARNING] [Graham] LPLI: FV=4,528 > 5.0x price=292. Capped ke 1,460.
2026-05-11 07:50:48,301 [WARNING] [Graham] PALM: FV=1,844 > 5.0x price=368. Capped ke 1,840.
2026-05-11 07:50:48,307 [INFO] yfinance download attempt 1/3 (148 ticker)...
2026-05-11 07:50:53,355 [INFO] Download berhasil. Shape: (120, 740)
2026-05-11 07:50:53,479 [INFO] IHSG return 1 bulan: -0.02%
2026-05-11 07:50:54,085 [INFO] [RDTX] Excluded: suspek suspended/FCA (volume anomali)
2026-05-11 07:50:54,108 [INFO] [STTP] Excluded: suspek suspended/FCA (volume anomali)
2026-05-11 07:50:54,304 [INFO] Top 10 kandidat berhasil disaring.
2026-05-11 07:50:54,313 [INFO] JSON diekspor → output\top10_candidates.json
2026-05-11 07:50:54,320 [INFO] Report → scratch\report.md
2026-05-11 07:50:54,321 [INFO] PIPELINE SELESAI.
