2026-04-30 16:14:07,945 [INFO] ============================================================
2026-04-30 16:14:07,946 [INFO] IHSG Quantitative Swing-Trade Scouting Engine v3.0
2026-04-30 16:14:07,946 [INFO] ============================================================
2026-04-30 16:14:07,947 [INFO] Input file: output\IDX Fundamental Analysis 2026-04-29.xlsx
2026-04-30 16:14:07,948 [INFO] [XlsxAdapter] Initialized dengan: output\IDX Fundamental Analysis 2026-04-29.xlsx
2026-04-30 16:14:07,948 [INFO] [Adapter] XlsxDataAdapter aktif → output\IDX Fundamental Analysis 2026-04-29.xlsx
2026-04-30 16:14:07,950 [INFO] Membaca: output\IDX Fundamental Analysis 2026-04-29.xlsx
2026-04-30 16:14:09,034 [INFO] Total ticker universe: 957
2026-04-30 16:14:09,042 [INFO] Exclude PEMANTAUAN KHUSUS: 957 → 803
2026-04-30 16:14:09,047 [INFO] [Sector] Cache loaded: 957 ticker dari output\sector_cache.json
2026-04-30 16:14:09,048 [INFO] [Sector] Resolve selesai: cache=803, hardcode=0, keyword=0, default=0
2026-04-30 16:14:09,059 [INFO] Lolos static filter: 151 ticker
2026-04-30 16:14:09,062 [INFO] Distribusi sektor:
Sector
consumer_staples    37
consumer_disc       20
industrials         16
basic_materials     14
tech                14
transport           12
energy              10
property            10
healthcare           9
finance_nonbank      5
infrastructure       3
bank                 1
2026-04-30 16:14:09,078 [INFO] yfinance download attempt 1/3 (151 ticker)...
2026-04-30 16:14:12,739 [INFO] Download berhasil. Shape: (60, 755)
2026-04-30 16:14:13,194 [INFO] [XlsxAdapter] Loaded key-statistics: 957 tickers
2026-04-30 16:14:13,412 [INFO] [RDTX] Excluded: suspek suspended/FCA (volume anomali)
2026-04-30 16:14:13,718 [INFO] Top 10 kandidat berhasil disaring.
2026-04-30 16:14:13,728 [INFO] JSON diekspor → output\top10_candidates.json
2026-04-30 16:14:13,734 [INFO] Report → scratch\report.md
2026-04-30 16:14:13,734 [INFO] PIPELINE SELESAI.
