2026-05-01 19:37:12,714 [INFO] ============================================================
2026-05-01 19:37:12,714 [INFO] IHSG Quantitative Swing-Trade Scouting Engine v3.0
2026-05-01 19:37:12,715 [INFO] ============================================================
2026-05-01 19:37:12,715 [INFO] Input file: output\IDX Fundamental Analysis 2026-04-29.xlsx
2026-05-01 19:37:12,716 [INFO] [XlsxAdapter] Initialized dengan: output\IDX Fundamental Analysis 2026-04-29.xlsx
2026-05-01 19:37:12,716 [INFO] [Adapter] XlsxDataAdapter aktif → output\IDX Fundamental Analysis 2026-04-29.xlsx
2026-05-01 19:37:12,716 [INFO] Membaca: output\IDX Fundamental Analysis 2026-04-29.xlsx
2026-05-01 19:37:13,564 [INFO] Total ticker universe: 957
2026-05-01 19:37:13,569 [INFO] Exclude PEMANTAUAN KHUSUS: 957 → 803
2026-05-01 19:37:13,572 [INFO] [Sector] Cache loaded: 957 ticker dari output\sector_cache.json
2026-05-01 19:37:13,573 [INFO] [Sector] Resolve selesai: cache=803, hardcode=0, keyword=0, default=0
2026-05-01 19:37:13,584 [INFO] Lolos static filter: 151 ticker
2026-05-01 19:37:13,586 [INFO] Distribusi sektor:
Sector
consumer_staples    37
consumer_disc       20
industrials         16
basic_materials     14
tech                14
transport           12
energy              10
property            10
healthcare           9
finance_nonbank      5
infrastructure       3
bank                 1
2026-05-01 19:37:13,594 [INFO] yfinance download attempt 1/3 (151 ticker)...
2026-05-01 19:37:16,320 [INFO] Download berhasil. Shape: (59, 755)
2026-05-01 19:37:16,706 [INFO] [XlsxAdapter] Loaded key-statistics: 957 tickers
2026-05-01 19:37:16,896 [INFO] [RDTX] Excluded: suspek suspended/FCA (volume anomali)
2026-05-01 19:37:17,158 [INFO] Top 10 kandidat berhasil disaring.
2026-05-01 19:37:17,162 [INFO] JSON diekspor → output\top10_candidates.json
2026-05-01 19:37:17,164 [INFO] Report → scratch\report.md
2026-05-01 19:37:17,164 [INFO] PIPELINE SELESAI.
