2026-05-14 16:34:15,798 [INFO] ============================================================
2026-05-14 16:34:15,799 [INFO] IHSG Quantitative Swing-Trade Scouting Engine v3.2
2026-05-14 16:34:15,799 [INFO] ============================================================
2026-05-14 16:34:15,800 [INFO] Input file: output\IDX Fundamental Analysis 2026-05-14.xlsx
2026-05-14 16:34:15,800 [INFO] [Adapter] XlsxDataAdapter aktif → output\IDX Fundamental Analysis 2026-05-14.xlsx
2026-05-14 16:34:15,800 [INFO] Membaca: output\IDX Fundamental Analysis 2026-05-14.xlsx
2026-05-14 16:34:16,538 [INFO] Total ticker universe: 957
2026-05-14 16:34:16,544 [INFO] Exclude PEMANTAUAN KHUSUS: 957 → 797
2026-05-14 16:34:16,551 [INFO] [Sector] Cache loaded: 957 ticker dari output\sector_cache.json
2026-05-14 16:34:16,552 [INFO] [Sector] Resolve selesai: cache=797, hardcode=0, keyword=0, default=0
2026-05-14 16:34:16,568 [INFO] Lolos static filter: 149 ticker
2026-05-14 16:34:16,570 [INFO] Distribusi sektor:
Sector
consumer_staples    37
consumer_disc       22
industrials         16
basic_materials     15
tech                12
property            11
transport           10
energy               9
healthcare           7
finance_nonbank      6
infrastructure       3
bank                 1
2026-05-14 16:34:16,575 [WARNING] [Graham] LPLI: FV=4,528 > 5.0x price=288. Capped ke 1,440.
2026-05-14 16:34:16,575 [WARNING] [Graham] PALM: FV=1,844 > 5.0x price=366. Capped ke 1,830.
2026-05-14 16:34:16,581 [INFO] yfinance download attempt 1/3 (149 ticker)...
2026-05-14 16:34:19,455 [INFO] Download berhasil. Shape: (119, 745)
2026-05-14 16:34:19,552 [INFO] IHSG return 1 bulan: -9.86%
2026-05-14 16:34:20,081 [INFO] [RDTX] Excluded: suspek suspended/FCA (volume anomali)
2026-05-14 16:34:20,097 [INFO] [STTP] Excluded: suspek suspended/FCA (volume anomali)
2026-05-14 16:34:20,246 [INFO] Top 10 kandidat berhasil disaring.
2026-05-14 16:34:20,253 [INFO] JSON diekspor → output\top10_candidates.json
2026-05-14 16:34:20,260 [INFO] Report → scratch\report.md
2026-05-14 16:34:20,260 [INFO] PIPELINE SELESAI.
