2026-05-01 20:43:00,192 [INFO] ============================================================
2026-05-01 20:43:00,192 [INFO] IHSG Quantitative Swing-Trade Scouting Engine v3.0
2026-05-01 20:43:00,193 [INFO] ============================================================
2026-05-01 20:43:00,193 [INFO] Input file: output\IDX Fundamental Analysis 2026-05-01.xlsx
2026-05-01 20:43:00,194 [INFO] [XlsxAdapter] Initialized dengan: output\IDX Fundamental Analysis 2026-05-01.xlsx
2026-05-01 20:43:00,194 [INFO] [Adapter] XlsxDataAdapter aktif → output\IDX Fundamental Analysis 2026-05-01.xlsx
2026-05-01 20:43:00,194 [INFO] Membaca: output\IDX Fundamental Analysis 2026-05-01.xlsx
2026-05-01 20:43:00,931 [INFO] Total ticker universe: 957
2026-05-01 20:43:00,935 [INFO] Exclude PEMANTAUAN KHUSUS: 957 → 793
2026-05-01 20:43:00,937 [INFO] [Sector] Cache loaded: 957 ticker dari output\sector_cache.json
2026-05-01 20:43:00,937 [INFO] [Sector] Resolve selesai: cache=793, hardcode=0, keyword=0, default=0
2026-05-01 20:43:00,944 [INFO] Lolos static filter: 142 ticker
2026-05-01 20:43:00,947 [INFO] Distribusi sektor:
Sector
consumer_staples    36
consumer_disc       19
industrials         15
basic_materials     15
tech                12
property            10
energy               9
transport            9
healthcare           8
finance_nonbank      5
infrastructure       3
bank                 1
2026-05-01 20:43:00,954 [INFO] yfinance download attempt 1/3 (142 ticker)...
2026-05-01 20:43:03,919 [INFO] Download berhasil. Shape: (59, 710)
2026-05-01 20:43:04,300 [INFO] [XlsxAdapter] Loaded key-statistics: 957 tickers
2026-05-01 20:43:04,509 [INFO] [RDTX] Excluded: suspek suspended/FCA (volume anomali)
2026-05-01 20:43:04,780 [INFO] Top 10 kandidat berhasil disaring.
2026-05-01 20:43:04,784 [INFO] JSON diekspor → output\top10_candidates.json
2026-05-01 20:43:04,786 [INFO] Report → scratch\report.md
2026-05-01 20:43:04,787 [INFO] PIPELINE SELESAI.
